#
# A fatal error has been detected by the Java Runtime Environment:
#
#  EXCEPTION_ACCESS_VIOLATION (0xc0000005) at pc=0x0000000066bea6a5, pid=9208, tid=2020
#
# JRE version: Java(TM) SE Runtime Environment (8.0_31-b13) (build 1.8.0_31-b13)
# Java VM: Java HotSpot(TM) 64-Bit Server VM (25.31-b07 mixed mode windows-amd64 compressed oops)
# Problematic frame:
# V  [jvm.dll+0x11a6a5]
#
# Failed to write core dump. Minidumps are not enabled by default on client versions of Windows
#
# If you would like to submit a bug report, please visit:
#   http://bugreport.java.com/bugreport/crash.jsp
#

---------------  T H R E A D  ---------------

Current thread (0x0000000016ee5800):  JavaThread "JDWP Transport Listener: dt_socket" daemon [_thread_in_vm, id=2020, stack(0x0000000018430000,0x0000000018530000)]

siginfo: ExceptionCode=0xc0000005, reading address 0x0000002700000800

Registers:
RAX=0x000000001852f201, RBX=0x0000000016ee5800, RCX=0x0000002700000800, RDX=0x0000000000000000
RSP=0x000000001852f1e0, RBP=0x0000002700000800, RSI=0x000000001852f2f8, RDI=0x0000000000928a70
R8 =0x0000000016ee5800, R9 =0x0000000000000000, R10=0x0000000000000000, R11=0x0000000000000064
R12=0x0000000000000000, R13=0x0000000016ef0208, R14=0x0000000000000000, R15=0x0000000000000000
RIP=0x0000000066bea6a5, EFLAGS=0x0000000000010206

Top of Stack: (sp=0x000000001852f1e0)
0x000000001852f1e0:   0000000016ee5800 0000000016ee5800
0x000000001852f1f0:   000000001852f2a8 0000000066de7c1b
0x000000001852f200:   0000000016ee5800 0000000066e0447d
0x000000001852f210:   0000000000000000 00000000669f9149
0x000000001852f220:   0000000016f0b270 0000000066a02912
0x000000001852f230:   0000000016ee5800 0000000000000000
0x000000001852f240:   0000000000000000 0000000000000000
0x000000001852f250:   0000002700000800 0000000066a01a09
0x000000001852f260:   000000001852f2f8 000000001852f2d0
0x000000001852f270:   0000000000000001 0000000016f0b270
0x000000001852f280:   0000002700000800 00000000669e53b3
0x000000001852f290:   000000001852f3c0 0000000000000001
0x000000001852f2a0:   0000000000000001 0000000016f0b270
0x000000001852f2b0:   0000000000000001 0000000000000000
0x000000001852f2c0:   0000000000000000 0000000000000000
0x000000001852f2d0:   0000000000000001 00000000669e5571 

Instructions: (pc=0x0000000066bea6a5)
0x0000000066bea685:   cc cc cc cc cc cc cc cc cc cc cc 48 83 ec 28 48
0x0000000066bea695:   85 c9 75 07 33 c0 48 83 c4 28 c3 48 89 5c 24 20
0x0000000066bea6a5:   48 8b 19 48 85 db 74 20 48 83 fb 37 74 1a 48 8b
0x0000000066bea6b5:   13 48 8b cb ff 52 10 84 c0 74 0d 48 8b c3 48 8b 


Register to memory mapping:

RAX=0x000000001852f201 is pointing into the stack for thread: 0x0000000016ee5800
RBX=0x0000000016ee5800 is a thread
RCX=0x0000002700000800 is an unknown value
RDX=0x0000000000000000 is an unknown value
RSP=0x000000001852f1e0 is pointing into the stack for thread: 0x0000000016ee5800
RBP=0x0000002700000800 is an unknown value
RSI=0x000000001852f2f8 is pointing into the stack for thread: 0x0000000016ee5800
RDI=0x0000000000928a70 is an unknown value
R8 =0x0000000016ee5800 is a thread
R9 =0x0000000000000000 is an unknown value
R10=0x0000000000000000 is an unknown value
R11=0x0000000000000064 is an unknown value
R12=0x0000000000000000 is an unknown value
R13=0x0000000016ef0208 is an unknown value
R14=0x0000000000000000 is an unknown value
R15=0x0000000000000000 is an unknown value


Stack: [0x0000000018430000,0x0000000018530000],  sp=0x000000001852f1e0,  free space=1020k
Native frames: (J=compiled Java code, j=interpreted, Vv=VM code, C=native code)
V  [jvm.dll+0x11a6a5]
V  [jvm.dll+0x33447d]
C  [jdwp.dll+0x21a09]
C  [jdwp.dll+0x53b3]
C  [jdwp.dll+0x5571]
C  [jdwp.dll+0xf09c]
C  [jdwp.dll+0x1f2c9]
C  [jdwp.dll+0x1f49e]
V  [jvm.dll+0x1ac128]
V  [jvm.dll+0x22c194]
V  [jvm.dll+0x28576a]
C  [msvcr100.dll+0x21d9f]
C  [msvcr100.dll+0x21e3b]
C  [KERNEL32.DLL+0x12d92]
C  [ntdll.dll+0x9f64]


---------------  P R O C E S S  ---------------

Java Threads: ( => current thread )
  0x0000000016f0e800 JavaThread "Service Thread" daemon [_thread_blocked, id=7552, stack(0x0000000018e30000,0x0000000018f30000)]
  0x0000000016f3a000 JavaThread "C1 CompilerThread2" daemon [_thread_blocked, id=6396, stack(0x0000000018d30000,0x0000000018e30000)]
  0x0000000016f14800 JavaThread "C2 CompilerThread1" daemon [_thread_blocked, id=1136, stack(0x0000000018c30000,0x0000000018d30000)]
  0x0000000016f11800 JavaThread "C2 CompilerThread0" daemon [_thread_blocked, id=3676, stack(0x0000000018730000,0x0000000018830000)]
  0x0000000016ef7800 JavaThread "JDWP Command Reader" daemon [_thread_in_native, id=604, stack(0x0000000018630000,0x0000000018730000)]
  0x0000000016ef3800 JavaThread "JDWP Event Helper Thread" daemon [_thread_blocked, id=4496, stack(0x0000000018530000,0x0000000018630000)]
=>0x0000000016ee5800 JavaThread "JDWP Transport Listener: dt_socket" daemon [_thread_in_vm, id=2020, stack(0x0000000018430000,0x0000000018530000)]
  0x0000000016ede000 JavaThread "Attach Listener" daemon [_thread_blocked, id=828, stack(0x0000000018330000,0x0000000018430000)]
  0x0000000016edd000 JavaThread "Signal Dispatcher" daemon [_thread_blocked, id=7368, stack(0x0000000018230000,0x0000000018330000)]
  0x0000000002368000 JavaThread "Finalizer" daemon [_thread_blocked, id=784, stack(0x0000000018130000,0x0000000018230000)]
  0x000000000235f000 JavaThread "Reference Handler" daemon [_thread_blocked, id=6820, stack(0x0000000018030000,0x0000000018130000)]
  0x0000000002272800 JavaThread "main" [_thread_blocked, id=3904, stack(0x0000000002170000,0x0000000002270000)]

Other Threads:
  0x0000000016ea5800 VMThread [stack: 0x0000000017f30000,0x0000000018030000] [id=3760]
  0x0000000016f15000 WatcherThread [stack: 0x0000000018f30000,0x0000000019030000] [id=172]

VM state:not at safepoint (normal execution)

VM Mutex/Monitor currently owned by a thread: None

Heap:
 PSYoungGen      total 38400K, used 7995K [0x00000000d5c00000, 0x00000000d8680000, 0x0000000100000000)
  eden space 33280K, 24% used [0x00000000d5c00000,0x00000000d63cedb8,0x00000000d7c80000)
  from space 5120K, 0% used [0x00000000d8180000,0x00000000d8180000,0x00000000d8680000)
  to   space 5120K, 0% used [0x00000000d7c80000,0x00000000d7c80000,0x00000000d8180000)
 ParOldGen       total 87552K, used 0K [0x0000000081400000, 0x0000000086980000, 0x00000000d5c00000)
  object space 87552K, 0% used [0x0000000081400000,0x0000000081400000,0x0000000086980000)
 Metaspace       used 6090K, capacity 6276K, committed 6528K, reserved 1056768K
  class space    used 714K, capacity 782K, committed 896K, reserved 1048576K

Card table byte_map: [0x0000000011730000,0x0000000011b30000] byte_map_base: 0x0000000011326000

Marking Bits: (ParMarkBitMap*) 0x00000000672ad4f0
 Begin Bits: [0x00000000121e0000, 0x0000000014190000)
 End Bits:   [0x0000000014190000, 0x0000000016140000)

Polling page: 0x0000000000830000

CodeCache: size=245760Kb used=2109Kb max_used=2109Kb free=243650Kb
 bounds [0x0000000002370000, 0x00000000025e0000, 0x0000000011370000]
 total_blobs=738 nmethods=466 adapters=194
 compilation: enabled

Compilation events (10 events):
Event: 1.501 Thread 0x0000000016f3a000  462       3       java.lang.invoke.LambdaForm$DMH/1635756693::invokeStatic_LL_L (15 bytes)
Event: 1.501 Thread 0x0000000016f3a000 nmethod 462 0x000000000257e910 code [0x000000000257eaa0, 0x000000000257f058]
Event: 1.501 Thread 0x0000000016f3a000  463       3       java.lang.invoke.LambdaForm::interpretName (121 bytes)
Event: 1.502 Thread 0x0000000016f3a000 nmethod 463 0x000000000257dd10 code [0x000000000257dec0, 0x000000000257e5b8]
Event: 1.502 Thread 0x0000000016f3a000  464       3       java.lang.invoke.LambdaForm$NamedFunction::invokeWithArguments (50 bytes)
Event: 1.503 Thread 0x0000000016f3a000 nmethod 464 0x000000000257c710 code [0x000000000257c940, 0x000000000257d698]
Event: 1.503 Thread 0x0000000016f3a000  466       3       java.lang.invoke.LambdaForm$NamedFunction::invoke_L_L (28 bytes)
Event: 1.504 Thread 0x0000000016f3a000 nmethod 466 0x000000000257c150 code [0x000000000257c2c0, 0x000000000257c5f8]
Event: 1.504 Thread 0x0000000016f3a000  465       3       sun.invoke.util.Wrapper::stackSlots (9 bytes)
Event: 1.504 Thread 0x0000000016f3a000 nmethod 465 0x000000000257ffd0 code [0x0000000002580120, 0x0000000002580270]

GC Heap History (0 events):
No events

Deoptimization events (0 events):
No events

Internal exceptions (10 events):
Event: 1.283 Thread 0x0000000002272800 Exception <a 'java/security/PrivilegedActionException'> (0x00000000d6247f60) thrown at [C:\workspace\8-2-build-windows-amd64-cygwin\jdk8u31\2394\hotspot\src\share\vm\prims\jvm.cpp, line 1312]
Event: 1.284 Thread 0x0000000002272800 Exception <a 'java/security/PrivilegedActionException'> (0x00000000d624c3b0) thrown at [C:\workspace\8-2-build-windows-amd64-cygwin\jdk8u31\2394\hotspot\src\share\vm\prims\jvm.cpp, line 1312]
Event: 1.286 Thread 0x0000000002272800 Exception <a 'java/security/PrivilegedActionException'> (0x00000000d6250e60) thrown at [C:\workspace\8-2-build-windows-amd64-cygwin\jdk8u31\2394\hotspot\src\share\vm\prims\jvm.cpp, line 1312]
Event: 1.296 Thread 0x0000000002272800 Exception <a 'java/security/PrivilegedActionException'> (0x00000000d6254550) thrown at [C:\workspace\8-2-build-windows-amd64-cygwin\jdk8u31\2394\hotspot\src\share\vm\prims\jvm.cpp, line 1312]
Event: 1.303 Thread 0x0000000002272800 Exception <a 'java/security/PrivilegedActionException'> (0x00000000d6259b00) thrown at [C:\workspace\8-2-build-windows-amd64-cygwin\jdk8u31\2394\hotspot\src\share\vm\prims\jvm.cpp, line 1312]
Event: 1.355 Thread 0x0000000002272800 Exception <a 'java/security/PrivilegedActionException'> (0x00000000d625e988) thrown at [C:\workspace\8-2-build-windows-amd64-cygwin\jdk8u31\2394\hotspot\src\share\vm\prims\jvm.cpp, line 1312]
Event: 1.385 Thread 0x0000000002272800 Exception <a 'java/lang/ClassNotFoundException': java/lang/Null> (0x00000000d627f578) thrown at [C:\workspace\8-2-build-windows-amd64-cygwin\jdk8u31\2394\hotspot\src\share\vm\classfile\systemDictionary.cpp, line 202]
Event: 1.436 Thread 0x0000000002272800 Exception <a 'java/lang/NoSuchFieldError': method resolution failed> (0x00000000d62e33a8) thrown at [C:\workspace\8-2-build-windows-amd64-cygwin\jdk8u31\2394\hotspot\src\share\vm\prims\methodHandles.cpp, line 1159]
Event: 1.438 Thread 0x0000000002272800 Exception <a 'java/lang/NoSuchFieldError': method resolution failed> (0x00000000d62f2260) thrown at [C:\workspace\8-2-build-windows-amd64-cygwin\jdk8u31\2394\hotspot\src\share\vm\prims\methodHandles.cpp, line 1159]
Event: 1.440 Thread 0x0000000002272800 Exception <a 'java/lang/NoSuchFieldError': method resolution failed> (0x00000000d62f56e0) thrown at [C:\workspace\8-2-build-windows-amd64-cygwin\jdk8u31\2394\hotspot\src\share\vm\prims\methodHandles.cpp, line 1159]

Events (10 events):
Event: 407.624 Executing VM operation: GetOrSetLocal
Event: 407.624 Executing VM operation: GetOrSetLocal done
Event: 407.628 Executing VM operation: GetOrSetLocal
Event: 407.628 Executing VM operation: GetOrSetLocal done
Event: 407.631 Executing VM operation: GetOrSetLocal
Event: 407.631 Executing VM operation: GetOrSetLocal done
Event: 516.311 Executing VM operation: ChangeBreakpoints
Event: 516.311 Executing VM operation: ChangeBreakpoints done
Event: 516.314 Executing VM operation: RedefineClasses
Event: 516.317 Executing VM operation: RedefineClasses done


Dynamic libraries:
0x00007ff7837a0000 - 0x00007ff7837d4000 	C:\Program Files\Java\jdk1.8.0_31\bin\java.exe
0x00007ffbcef20000 - 0x00007ffbcf0e1000 	C:\WINDOWS\SYSTEM32\ntdll.dll
0x00007ffbcc720000 - 0x00007ffbcc7cd000 	C:\WINDOWS\system32\KERNEL32.DLL
0x00007ffbcc350000 - 0x00007ffbcc52d000 	C:\WINDOWS\system32\KERNELBASE.dll
0x00007ffbca520000 - 0x00007ffbca598000 	C:\WINDOWS\system32\apphelp.dll
0x00007ffbcd410000 - 0x00007ffbcd4b6000 	C:\WINDOWS\system32\ADVAPI32.dll
0x00007ffbcd140000 - 0x00007ffbcd1dd000 	C:\WINDOWS\system32\msvcrt.dll
0x00007ffbcce50000 - 0x00007ffbcceab000 	C:\WINDOWS\system32\sechost.dll
0x00007ffbcc5f0000 - 0x00007ffbcc716000 	C:\WINDOWS\system32\RPCRT4.dll
0x00007ffbcc7d0000 - 0x00007ffbcc91e000 	C:\WINDOWS\system32\USER32.dll
0x00007ffbcccc0000 - 0x00007ffbcce46000 	C:\WINDOWS\system32\GDI32.dll
0x00007ffbb9560000 - 0x00007ffbb97d4000 	C:\WINDOWS\WinSxS\amd64_microsoft.windows.common-controls_6595b64144ccf1df_6.0.10240.16384_none_f41f7b285750ef43\COMCTL32.dll
0x00007ffbcd100000 - 0x00007ffbcd136000 	C:\WINDOWS\system32\IMM32.DLL
0x00007ffbcced0000 - 0x00007ffbcd02c000 	C:\WINDOWS\system32\MSCTF.dll
0x0000000067330000 - 0x0000000067402000 	C:\Program Files\Java\jdk1.8.0_31\jre\bin\msvcr100.dll
0x0000000066ad0000 - 0x000000006732a000 	C:\Program Files\Java\jdk1.8.0_31\jre\bin\server\jvm.dll
0x00007ffbcccb0000 - 0x00007ffbcccb8000 	C:\WINDOWS\system32\PSAPI.DLL
0x00007ffbc1590000 - 0x00007ffbc1599000 	C:\WINDOWS\SYSTEM32\WSOCK32.dll
0x00007ffbca2a0000 - 0x00007ffbca2c3000 	C:\WINDOWS\SYSTEM32\WINMM.dll
0x00007ffbcd030000 - 0x00007ffbcd099000 	C:\WINDOWS\system32\WS2_32.dll
0x00007ffbcd4c0000 - 0x00007ffbcd4c8000 	C:\WINDOWS\system32\NSI.dll
0x00007ffbca240000 - 0x00007ffbca26c000 	C:\WINDOWS\SYSTEM32\WINMMBASE.dll
0x00007ffbcba50000 - 0x00007ffbcba94000 	C:\WINDOWS\system32\cfgmgr32.dll
0x00007ffbcb670000 - 0x00007ffbcb697000 	C:\WINDOWS\SYSTEM32\DEVOBJ.dll
0x0000000066ac0000 - 0x0000000066acf000 	C:\Program Files\Java\jdk1.8.0_31\jre\bin\verify.dll
0x0000000066a90000 - 0x0000000066ab8000 	C:\Program Files\Java\jdk1.8.0_31\jre\bin\java.dll
0x00000000669e0000 - 0x0000000066a15000 	C:\Program Files\Java\jdk1.8.0_31\jre\bin\jdwp.dll
0x00000000669d0000 - 0x00000000669d8000 	C:\Program Files\Java\jdk1.8.0_31\jre\bin\npt.dll
0x0000000066a70000 - 0x0000000066a86000 	C:\Program Files\Java\jdk1.8.0_31\jre\bin\zip.dll
0x00007ffbcd4d0000 - 0x00007ffbce9f2000 	C:\WINDOWS\system32\SHELL32.dll
0x00007ffbcbc70000 - 0x00007ffbcc298000 	C:\WINDOWS\system32\windows.storage.dll
0x00007ffbcc920000 - 0x00007ffbccb9c000 	C:\WINDOWS\system32\combase.dll
0x00007ffbccba0000 - 0x00007ffbccbf1000 	C:\WINDOWS\system32\shlwapi.dll
0x00007ffbcb990000 - 0x00007ffbcb99f000 	C:\WINDOWS\system32\kernel.appcore.dll
0x00007ffbcc530000 - 0x00007ffbcc5e3000 	C:\WINDOWS\system32\shcore.dll
0x00007ffbcb9a0000 - 0x00007ffbcb9ea000 	C:\WINDOWS\system32\powrprof.dll
0x00007ffbcb950000 - 0x00007ffbcb963000 	C:\WINDOWS\system32\profapi.dll
0x00000000669c0000 - 0x00000000669c9000 	C:\Program Files\Java\jdk1.8.0_31\jre\bin\dt_socket.dll
0x00007ffbcaeb0000 - 0x00007ffbcaf0d000 	C:\WINDOWS\system32\mswsock.dll
0x00007ffbcb4b0000 - 0x00007ffbcb63a000 	C:\WINDOWS\SYSTEM32\dbghelp.dll

VM Arguments:
jvm_args: -agentlib:jdwp=transport=dt_socket,address=127.0.0.1:2812,suspend=y,server=n -Didea.junit.sm_runner -Dfile.encoding=UTF-8 
java_command: com.intellij.rt.execution.junit.JUnitStarter -ideVersion5 com.company.SudokuSolverTest
java_class_path (initial): C:\Program Files (x86)\JetBrains\IntelliJ IDEA 15.0.2\lib\idea_rt.jar;C:\Program Files (x86)\JetBrains\IntelliJ IDEA 15.0.2\plugins\junit\lib\junit-rt.jar;C:\Program Files\Java\jdk1.8.0_31\jre\lib\charsets.jar;C:\Program Files\Java\jdk1.8.0_31\jre\lib\deploy.jar;C:\Program Files\Java\jdk1.8.0_31\jre\lib\javaws.jar;C:\Program Files\Java\jdk1.8.0_31\jre\lib\jce.jar;C:\Program Files\Java\jdk1.8.0_31\jre\lib\jfr.jar;C:\Program Files\Java\jdk1.8.0_31\jre\lib\jfxswt.jar;C:\Program Files\Java\jdk1.8.0_31\jre\lib\jsse.jar;C:\Program Files\Java\jdk1.8.0_31\jre\lib\management-agent.jar;C:\Program Files\Java\jdk1.8.0_31\jre\lib\plugin.jar;C:\Program Files\Java\jdk1.8.0_31\jre\lib\resources.jar;C:\Program Files\Java\jdk1.8.0_31\jre\lib\rt.jar;C:\Program Files\Java\jdk1.8.0_31\jre\lib\ext\access-bridge-64.jar;C:\Program Files\Java\jdk1.8.0_31\jre\lib\ext\cldrdata.jar;C:\Program Files\Java\jdk1.8.0_31\jre\lib\ext\dnsns.jar;C:\Program Files\Java\jdk1.8.0_31\jre\lib\ext\jaccess.jar;C:\Program Files\Java\jdk1.8.0_31\jre\lib\ext\jfxrt.jar;C:\Program Files\Java\jdk1.8.0_31\jre\lib\ext\localedata.jar;C:\Program Files\Java\jdk1.8.0_31\jre\lib\ext\nashorn.jar;C:\Program Files\Java\jdk1.8.0_31\jre\lib\ext\sunec.jar;C:\Program Files\Java\jdk1.8.0_31\jre\lib\ext\sunjce_provider.jar;C:\Program Files\Java\jdk1.8.0_31\jre\lib\ext\sunmscapi.jar;C:\Program Files\Java\jdk1.8.0_31\jre\lib\ext\sunpkcs11.jar;C:\Program Files\Java\jdk1.8.0_31\jre\lib\ext\zipfs.jar;C:\Users\joona\GitFolder\sudoku\out\production\FunctionalSudokuSolver;C:\Program Files (x86)\JetBrains\IntelliJ IDEA 15.0.2\lib\junit-4.12.jar;C:\Program Files (x86)\JetBrains\IntelliJ IDEA 15.0.2\lib\hamcrest-core-1.3.jar
Launcher Type: SUN_STANDARD

Environment Variables:
JAVA_HOME=C:\Program Files\Java\jdk1.8.0_31
PATH=C:\ProgramData\Oracle\Java\javapath;C:\Program Files (x86)\Intel\iCLS Client\;C:\Program Files\Intel\iCLS Client\;C:\WINDOWS\system32;C:\WINDOWS;C:\WINDOWS\System32\Wbem;C:\WINDOWS\System32\WindowsPowerShell\v1.0\;C:\Program Files\Intel\Intel(R) Management Engine Components\DAL;C:\Program Files\Intel\Intel(R) Management Engine Components\IPT;C:\Program Files (x86)\Intel\Intel(R) Management Engine Components\DAL;C:\Program Files (x86)\Intel\Intel(R) Management Engine Components\IPT;C:\Program Files\MATLAB\R2011a\runtime\win64;C:\Program Files\MATLAB\R2011a\bin;C:\Program Files\Intel\WiFi\bin\;C:\Program Files\Common Files\Intel\WirelessCommon\;C:\Program Files (x86)\Lenovo\Motion Control\;C:\Program Files (x86)\Git\cmd;C:\Program Files (x86)\Windows Kits\10\Windows Performance Toolkit\;C:\Program Files\Microsoft SQL Server\120\Tools\Binn\;C:\Program Files\leJOS EV3\bin;C:\Program Files (x86)\WinSCP\;C:\Program Files (x86)\Brackets\command;C:\Ruby21\bin;C:\Program Files\Intel\WiFi\bin\;C:\Program Files\Common Files\Intel\WirelessCommon\;C:\Users\joona\AppData\Local\atom\bin;C:\Users\joona\.lein\bin
USERNAME=joona
OS=Windows_NT
PROCESSOR_IDENTIFIER=Intel64 Family 6 Model 69 Stepping 1, GenuineIntel



---------------  S Y S T E M  ---------------

OS: Windows 8.1 , 64 bit Build 9600 

CPU:total 4 (2 cores per cpu, 2 threads per core) family 6 model 69 stepping 1, cmov, cx8, fxsr, mmx, sse, sse2, sse3, ssse3, sse4.1, sse4.2, popcnt, avx, avx2, aes, clmul, erms, lzcnt, ht, tsc, tscinvbit, bmi1, bmi2

Memory: 4k page, physical 8298776k(3972292k free), swap 10133784k(2614540k free)

vm_info: Java HotSpot(TM) 64-Bit Server VM (25.31-b07) for windows-amd64 JRE (1.8.0_31-b13), built on Dec 17 2014 21:00:28 by "java_re" with MS VC++ 10.0 (VS2010)

time: Thu Dec 24 14:15:27 2015
elapsed time: 516 seconds (0d 0h 8m 36s)

